<?xml version="1.0" encoding="utf-8"?><testsuites name="pytest tests"><testsuite name="pytest" errors="0" failures="0" skipped="0" tests="25" time="6.220" timestamp="2026-07-16T14:54:35.930493+00:00" hostname="agent-env-f1df3acb-e858-4355-bfac-6b9670b9ba3a"><testcase classname="backend.tests.backend_test.TestAuth" name="test_login_admin_success" time="0.502" /><testcase classname="backend.tests.backend_test.TestAuth" name="test_login_operator_success" time="0.335" /><testcase classname="backend.tests.backend_test.TestAuth" name="test_login_wrong_password" time="0.395" /><testcase classname="backend.tests.backend_test.TestProtectedRoutes" name="test_parcels_list_401_without_token" time="0.106" /><testcase classname="backend.tests.backend_test.TestProtectedRoutes" name="test_stats_401_without_token" time="0.161" /><testcase classname="backend.tests.backend_test.TestProtectedRoutes" name="test_users_401_without_token" time="0.162" /><testcase classname="backend.tests.backend_test.TestProtectedRoutes" name="test_audit_401_without_token" time="0.198" /><testcase classname="backend.tests.backend_test.TestProtectedRoutes" name="test_parcels_200_with_admin" time="0.123" /><testcase classname="backend.tests.backend_test.TestProtectedRoutes" name="test_stats_200_with_admin" time="0.111" /><testcase classname="backend.tests.backend_test.TestProtectedRoutes" name="test_users_200_with_admin" time="0.114" /><testcase classname="backend.tests.backend_test.TestProtectedRoutes" name="test_audit_200_with_admin" time="0.104" /><testcase classname="backend.tests.backend_test.TestRBAC" name="test_operator_can_access_parcels" time="0.137" /><testcase classname="backend.tests.backend_test.TestRBAC" name="test_operator_can_access_stats" time="0.157" /><testcase classname="backend.tests.backend_test.TestRBAC" name="test_operator_forbidden_from_users" time="0.107" /><testcase classname="backend.tests.backend_test.TestRBAC" name="test_operator_forbidden_from_audit" time="0.176" /><testcase classname="backend.tests.backend_test.TestPublicEndpoints" name="test_public_create_parcel_no_token" time="0.122" /><testcase classname="backend.tests.backend_test.TestPublicEndpoints" name="test_public_get_parcel_no_token" time="0.256" /><testcase classname="backend.tests.backend_test.TestPublicEndpoints" name="test_public_pdf_no_token" time="0.145" /><testcase classname="backend.tests.backend_test.TestPublicEndpoints" name="test_public_get_invalid_id" time="0.711" /><testcase classname="backend.tests.backend_test.TestStats" name="test_stats_shape" time="0.125" /><testcase classname="backend.tests.backend_test.TestParcelLifecycle" name="test_status_update_appends_history" time="0.421" /><testcase classname="backend.tests.backend_test.TestParcelLifecycle" name="test_patch_updates_fields_and_appends_history_on_status_change" time="0.386" /><testcase classname="backend.tests.backend_test.TestParcelLifecycle" name="test_patch_status_no_change_no_history" time="0.380" /><testcase classname="backend.tests.backend_test.TestUserCreate" name="test_admin_can_create_user" time="0.488" /><testcase classname="backend.tests.backend_test.TestUserCreate" name="test_operator_forbidden_from_create_user" time="0.127" /></testsuite></testsuites>