<?xml version="1.0" encoding="utf-8"?><testsuites name="pytest tests"><testsuite name="pytest" errors="0" failures="0" skipped="0" tests="36" time="9.565" timestamp="2026-07-16T15:22:23.533984+00:00" hostname="agent-env-f1df3acb-e858-4355-bfac-6b9670b9ba3a"><testcase classname="backend.tests.backend_test.TestAuth" name="test_login_admin_success" time="0.500" /><testcase classname="backend.tests.backend_test.TestAuth" name="test_login_operator_success" time="0.349" /><testcase classname="backend.tests.backend_test.TestAuth" name="test_login_supervisor_success" time="0.373" /><testcase classname="backend.tests.backend_test.TestAuth" name="test_login_wrong_password" time="0.356" /><testcase classname="backend.tests.backend_test.TestProtectedRoutes" name="test_parcels_401_without_token" time="0.144" /><testcase classname="backend.tests.backend_test.TestProtectedRoutes" name="test_stats_401_without_token" time="0.119" /><testcase classname="backend.tests.backend_test.TestProtectedRoutes" name="test_users_401_without_token" time="0.170" /><testcase classname="backend.tests.backend_test.TestProtectedRoutes" name="test_audit_401_without_token" time="0.149" /><testcase classname="backend.tests.backend_test.TestProtectedRoutes" name="test_admin_can_access_all" time="1.127" /><testcase classname="backend.tests.backend_test.TestRBAC" name="test_operator_forbidden_from_users" time="0.124" /><testcase classname="backend.tests.backend_test.TestRBAC" name="test_operator_forbidden_from_audit" time="0.146" /><testcase classname="backend.tests.backend_test.TestRBAC" name="test_operator_forbidden_from_integration_keys" time="0.103" /><testcase classname="backend.tests.backend_test.TestRBAC" name="test_operator_can_read_settings" time="0.150" /><testcase classname="backend.tests.backend_test.TestPublicEndpoints" name="test_public_create_parcel" time="0.124" /><testcase classname="backend.tests.backend_test.TestPublicEndpoints" name="test_public_pdf" time="0.303" /><testcase classname="backend.tests.backend_test.TestAgencies" name="test_list_seeded_agencies" time="0.131" /><testcase classname="backend.tests.backend_test.TestAgencies" name="test_create_and_delete_agency" time="0.353" /><testcase classname="backend.tests.backend_test.TestAgencies" name="test_operator_cannot_create_agency" time="0.117" /><testcase classname="backend.tests.backend_test.TestSettings" name="test_read_settings" time="0.135" /><testcase classname="backend.tests.backend_test.TestSettings" name="test_update_settings_persists" time="0.502" /><testcase classname="backend.tests.backend_test.TestClients" name="test_clients_list_shape" time="0.122" /><testcase classname="backend.tests.backend_test.TestClients" name="test_client_detail" time="0.226" /><testcase classname="backend.tests.backend_test.TestInvoices" name="test_create_invoice_computes_totals_and_marks_parcel" time="0.554" /><testcase classname="backend.tests.backend_test.TestInvoices" name="test_invoice_reject_no_weight" time="0.248" /><testcase classname="backend.tests.backend_test.TestInvoices" name="test_invoice_duplicate_rejected" time="0.128" /><testcase classname="backend.tests.backend_test.TestInvoices" name="test_pay_invoice_marks_paid_and_updates_parcel" time="0.231" /><testcase classname="backend.tests.backend_test.TestInvoices" name="test_invoice_pdf" time="0.149" /><testcase classname="backend.tests.backend_test.TestEcomIntegration" name="test_no_api_key_returns_401" time="0.128" /><testcase classname="backend.tests.backend_test.TestEcomIntegration" name="test_invalid_api_key_returns_403" time="0.144" /><testcase classname="backend.tests.backend_test.TestEcomIntegration" name="test_create_key_and_create_shipment" time="0.536" /><testcase classname="backend.tests.backend_test.TestAgencyScoping" name="test_admin_sees_all_parcels" time="0.138" /><testcase classname="backend.tests.backend_test.TestAgencyScoping" name="test_supervisor_douala_sees_only_douala_parcels" time="0.125" /><testcase classname="backend.tests.backend_test.TestAgencyScoping" name="test_supervisor_stats_scoped" time="0.260" /><testcase classname="backend.tests.backend_test.TestParcelLifecycle" name="test_status_update_appends_history" time="0.410" /><testcase classname="backend.tests.backend_test.TestUserCreate" name="test_admin_can_create_user" time="0.436" /><testcase classname="backend.tests.backend_test.TestUserCreate" name="test_operator_forbidden_from_create_user" time="0.119" /></testsuite></testsuites>